<?xml version="1.0" encoding="utf-8"?><testsuites name="pytest tests"><testsuite name="pytest" errors="0" failures="0" skipped="0" tests="12" time="3.514" timestamp="2026-04-12T16:19:37.089873+00:00" hostname="agent-env-a3aa959b-8d18-4f68-867b-1b99da477d30"><testcase classname="tests.test_admin_tourism_crud.TestAdminTourismCRUD" name="test_create_attraction" time="0.668" /><testcase classname="tests.test_admin_tourism_crud.TestAdminTourismCRUD" name="test_verify_creation_in_list" time="0.171" /><testcase classname="tests.test_admin_tourism_crud.TestAdminTourismCRUD" name="test_update_attraction" time="0.105" /><testcase classname="tests.test_admin_tourism_crud.TestAdminTourismCRUD" name="test_verify_update_in_list" time="0.113" /><testcase classname="tests.test_admin_tourism_crud.TestAdminTourismCRUD" name="test_delete_attraction" time="0.183" /><testcase classname="tests.test_admin_tourism_crud.TestAdminTourismCRUD" name="test_verify_deletion_in_list" time="0.107" /><testcase classname="tests.test_admin_tourism_crud.TestAuthRequirement" name="test_create_without_auth_fails" time="0.159" /><testcase classname="tests.test_admin_tourism_crud.TestAuthRequirement" name="test_update_without_auth_fails" time="0.103" /><testcase classname="tests.test_admin_tourism_crud.TestAuthRequirement" name="test_delete_without_auth_fails" time="0.104" /><testcase classname="tests.test_admin_tourism_crud.TestCategoryValidation" name="test_create_with_all_categories" time="1.502" /><testcase classname="tests.test_admin_tourism_crud.TestEdgeCases" name="test_delete_nonexistent_attraction" time="0.102" /><testcase classname="tests.test_admin_tourism_crud.TestEdgeCases" name="test_update_nonexistent_attraction" time="0.109" /></testsuite></testsuites>