<?xml version="1.0" encoding="utf-8"?><testsuites name="pytest tests"><testsuite name="pytest" errors="0" failures="0" skipped="0" tests="15" time="5.259" timestamp="2026-04-12T13:46:50.959247+00:00" hostname="agent-env-a3aa959b-8d18-4f68-867b-1b99da477d30"><testcase classname="backend.tests.test_new_ui_features.TestChatMessages" name="test_send_message_to_location" time="0.326" /><testcase classname="backend.tests.test_new_ui_features.TestChatMessages" name="test_send_message_invalid_location" time="0.170" /><testcase classname="backend.tests.test_new_ui_features.TestChatMessages" name="test_get_location_messages" time="0.265" /><testcase classname="backend.tests.test_new_ui_features.TestMenuItems" name="test_get_location_menu_empty" time="0.211" /><testcase classname="backend.tests.test_new_ui_features.TestMenuItems" name="test_create_menu_item_as_admin" time="0.550" /><testcase classname="backend.tests.test_new_ui_features.TestOffers" name="test_get_location_offers" time="0.220" /><testcase classname="backend.tests.test_new_ui_features.TestOffers" name="test_create_offer_as_admin" time="0.554" /><testcase classname="backend.tests.test_new_ui_features.TestBusinessAccounts" name="test_get_business_accounts_without_auth" time="0.141" /><testcase classname="backend.tests.test_new_ui_features.TestBusinessAccounts" name="test_get_business_accounts_with_auth" time="0.451" /><testcase classname="backend.tests.test_new_ui_features.TestBusinessAccounts" name="test_create_business_account" time="0.772" /><testcase classname="backend.tests.test_new_ui_features.TestBusinessAccounts" name="test_create_business_account_invalid_location" time="0.409" /><testcase classname="backend.tests.test_new_ui_features.TestAnalyticsTracking" name="test_location_view_tracking" time="0.256" /><testcase classname="backend.tests.test_new_ui_features.TestAnalyticsTracking" name="test_nav_clicks_tracking" time="0.332" /><testcase classname="backend.tests.test_new_ui_features.TestAnalyticsTracking" name="test_call_clicks_tracking" time="0.310" /><testcase classname="backend.tests.test_new_ui_features.TestAnalyticsTracking" name="test_invalid_tracking_action" time="0.187" /></testsuite></testsuites>