<?xml version="1.0" encoding="utf-8"?><testsuites name="pytest tests"><testsuite name="pytest" errors="0" failures="0" skipped="0" tests="14" time="5.001" timestamp="2026-04-24T07:01:02.061883+00:00" hostname="agent-env-dec627c8-9b38-4bfe-8e3a-c057be58196f"><testcase classname="backend.tests.test_reservation_types.TestTableReservation" name="test_create_table_reservation_returns_200" time="0.303" /><testcase classname="backend.tests.test_reservation_types.TestTableReservation" name="test_create_table_reservation_has_verification_code" time="0.174" /><testcase classname="backend.tests.test_reservation_types.TestTableReservation" name="test_table_reservation_all_preferences_accepted" time="0.303" /><testcase classname="backend.tests.test_reservation_types.TestTableReservation" name="test_table_reservation_persists_in_business_panel" time="0.562" /><testcase classname="backend.tests.test_reservation_types.TestTableReservation" name="test_table_reservation_in_my_reservations_has_required_fields" time="0.283" /><testcase classname="backend.tests.test_reservation_types.TestRoomReservation" name="test_create_room_reservation_returns_200" time="0.181" /><testcase classname="backend.tests.test_reservation_types.TestRoomReservation" name="test_create_room_reservation_has_verification_code" time="0.193" /><testcase classname="backend.tests.test_reservation_types.TestRoomReservation" name="test_room_reservation_all_room_types_accepted" time="0.272" /><testcase classname="backend.tests.test_reservation_types.TestRoomReservation" name="test_room_reservation_all_bed_types_accepted" time="0.326" /><testcase classname="backend.tests.test_reservation_types.TestRoomReservation" name="test_room_reservation_persists_in_business_panel" time="0.541" /><testcase classname="backend.tests.test_reservation_types.TestRoomReservation" name="test_room_reservation_in_my_reservations_has_required_fields" time="0.276" /><testcase classname="backend.tests.test_reservation_types.TestBusinessPanelReservationDetails" name="test_business_panel_table_fields_present" time="0.468" /><testcase classname="backend.tests.test_reservation_types.TestBusinessPanelReservationDetails" name="test_business_panel_room_fields_present" time="0.571" /><testcase classname="backend.tests.test_reservation_types.TestBusinessPanelReservationDetails" name="test_business_status_update_confirmed" time="0.473" /></testsuite></testsuites>