<?xml version="1.0" encoding="utf-8"?><testsuites name="pytest tests"><testsuite name="pytest" errors="0" failures="0" skipped="0" tests="15" time="4.305" timestamp="2026-04-12T13:30:05.570904+00:00" hostname="agent-env-a3aa959b-8d18-4f68-867b-1b99da477d30"><testcase classname="tests.test_major_update_features.TestLoyaltySystem" name="test_loyalty_checkin_success" time="0.432" /><testcase classname="tests.test_major_update_features.TestLoyaltySystem" name="test_loyalty_checkin_invalid_location" time="0.147" /><testcase classname="tests.test_major_update_features.TestLoyaltySystem" name="test_get_loyalty_data" time="0.359" /><testcase classname="tests.test_major_update_features.TestLoyaltySystem" name="test_get_loyalty_nonexistent_user" time="0.140" /><testcase classname="tests.test_major_update_features.TestChatMessages" name="test_send_message_to_location" time="0.257" /><testcase classname="tests.test_major_update_features.TestChatMessages" name="test_send_message_invalid_location" time="0.100" /><testcase classname="tests.test_major_update_features.TestChatMessages" name="test_get_location_messages" time="0.361" /><testcase classname="tests.test_major_update_features.TestTourismAttractions" name="test_get_attractions" time="0.125" /><testcase classname="tests.test_major_update_features.TestLeaderboard" name="test_get_leaderboard" time="0.110" /><testcase classname="tests.test_major_update_features.TestLeaderboard" name="test_leaderboard_limit_param" time="0.106" /><testcase classname="tests.test_major_update_features.TestAdminBusinessAccounts" name="test_get_business_accounts_without_auth" time="0.100" /><testcase classname="tests.test_major_update_features.TestAdminBusinessAccounts" name="test_get_business_accounts_with_auth" time="0.478" /><testcase classname="tests.test_major_update_features.TestAdminBusinessAccounts" name="test_create_business_account_without_auth" time="0.106" /><testcase classname="tests.test_major_update_features.TestAdminBusinessAccounts" name="test_create_business_account_with_auth" time="0.930" /><testcase classname="tests.test_major_update_features.TestAdminBusinessAccounts" name="test_create_business_account_invalid_location" time="0.440" /></testsuite></testsuites>