<?xml version="1.0" encoding="utf-8"?><testsuites name="pytest tests"><testsuite name="pytest" errors="0" failures="0" skipped="0" tests="31" time="4.323" timestamp="2026-04-23T21:15:13.795907+00:00" hostname="agent-env-dec627c8-9b38-4bfe-8e3a-c057be58196f"><testcase classname="backend.tests.test_seo_features.TestSitemapXML" name="test_sitemap_returns_200" time="0.252" /><testcase classname="backend.tests.test_seo_features.TestSitemapXML" name="test_sitemap_content_type_xml" time="0.110" /><testcase classname="backend.tests.test_seo_features.TestSitemapXML" name="test_sitemap_valid_xml_structure" time="0.113" /><testcase classname="backend.tests.test_seo_features.TestSitemapXML" name="test_sitemap_has_urls" time="0.133" /><testcase classname="backend.tests.test_seo_features.TestSitemapXML" name="test_sitemap_contains_static_pages" time="0.115" /><testcase classname="backend.tests.test_seo_features.TestSitemapXML" name="test_sitemap_contains_dynamic_locations" time="0.111" /><testcase classname="backend.tests.test_seo_features.TestSitemapXML" name="test_sitemap_contains_dynamic_news" time="0.105" /><testcase classname="backend.tests.test_seo_features.TestSitemapXML" name="test_sitemap_contains_dynamic_events" time="0.120" /><testcase classname="backend.tests.test_seo_features.TestSitemapXML" name="test_sitemap_contains_dynamic_attractions" time="0.109" /><testcase classname="backend.tests.test_seo_features.TestSitemapXML" name="test_sitemap_has_valid_url_entries" time="0.104" /><testcase classname="backend.tests.test_seo_features.TestRobotsTxt" name="test_robots_returns_200" time="0.131" /><testcase classname="backend.tests.test_seo_features.TestRobotsTxt" name="test_robots_content_type_text" time="0.114" /><testcase classname="backend.tests.test_seo_features.TestRobotsTxt" name="test_robots_has_user_agent" time="0.115" /><testcase classname="backend.tests.test_seo_features.TestRobotsTxt" name="test_robots_has_sitemap_link" time="0.101" /><testcase classname="backend.tests.test_seo_features.TestRobotsTxt" name="test_robots_allows_city_pages" time="0.123" /><testcase classname="backend.tests.test_seo_features.TestRobotsTxt" name="test_robots_disallows_admin_panel" time="0.103" /><testcase classname="backend.tests.test_seo_features.TestRobotsTxt" name="test_robots_disallows_admin_api" time="0.112" /><testcase classname="backend.tests.test_seo_features.TestAdminSEOSettings" name="test_get_seo_settings_requires_auth" time="0.101" /><testcase classname="backend.tests.test_seo_features.TestAdminSEOSettings" name="test_get_seo_settings_with_auth" time="0.506" /><testcase classname="backend.tests.test_seo_features.TestAdminSEOSettings" name="test_seo_settings_has_google_verification_field" time="0.108" /><testcase classname="backend.tests.test_seo_features.TestAdminSEOSettings" name="test_seo_settings_has_google_analytics_id_field" time="0.120" /><testcase classname="backend.tests.test_seo_features.TestAdminSEOSettings" name="test_seo_settings_has_canonical_site_url_field" time="0.127" /><testcase classname="backend.tests.test_seo_features.TestAdminSEOSettings" name="test_seo_settings_has_meta_title_field" time="0.116" /><testcase classname="backend.tests.test_seo_features.TestAdminSEOSettings" name="test_seo_settings_has_meta_description_field" time="0.110" /><testcase classname="backend.tests.test_seo_features.TestAdminSEOSettings" name="test_update_seo_settings" time="0.130" /><testcase classname="backend.tests.test_seo_features.TestAdminSEOSettings" name="test_updated_seo_settings_persisted" time="0.103" /><testcase classname="backend.tests.test_seo_features.TestAdminSEOSettings" name="test_sitemap_uses_canonical_url_after_setting" time="0.210" /><testcase classname="backend.tests.test_seo_features.TestAdminSEOSettings" name="test_cleanup_seo_settings" time="0.121" /><testcase classname="backend.tests.test_seo_features.TestNewsItemForSEO" name="test_news_item_exists" time="0.111" /><testcase classname="backend.tests.test_seo_features.TestNewsItemForSEO" name="test_news_item_has_seo_fields" time="0.111" /><testcase classname="backend.tests.test_seo_features.TestNewsItemForSEO" name="test_news_list_returns_items" time="0.100" /></testsuite></testsuites>