<?xml version="1.0" encoding="utf-8"?><testsuites name="pytest tests"><testsuite name="pytest" errors="0" failures="0" skipped="0" tests="14" time="2.144" timestamp="2026-04-23T12:06:36.400869+00:00" hostname="agent-env-dec627c8-9b38-4bfe-8e3a-c057be58196f"><testcase classname="backend.tests.test_notifications_feed.TestNotificationsFeed" name="test_notifications_feed_returns_200" time="0.294" /><testcase classname="backend.tests.test_notifications_feed.TestNotificationsFeed" name="test_notifications_feed_returns_array" time="0.143" /><testcase classname="backend.tests.test_notifications_feed.TestNotificationsFeed" name="test_notifications_feed_has_items" time="0.136" /><testcase classname="backend.tests.test_notifications_feed.TestNotificationsFeed" name="test_notifications_feed_item_required_fields" time="0.188" /><testcase classname="backend.tests.test_notifications_feed.TestNotificationsFeed" name="test_notifications_feed_valid_types" time="0.150" /><testcase classname="backend.tests.test_notifications_feed.TestNotificationsFeed" name="test_notifications_feed_has_news_items" time="0.170" /><testcase classname="backend.tests.test_notifications_feed.TestNotificationsFeed" name="test_notifications_feed_news_icon" time="0.115" /><testcase classname="backend.tests.test_notifications_feed.TestNotificationsFeed" name="test_notifications_feed_event_icon" time="0.105" /><testcase classname="backend.tests.test_notifications_feed.TestNotificationsFeed" name="test_notifications_feed_offer_items_have_location_id" time="0.109" /><testcase classname="backend.tests.test_notifications_feed.TestNotificationsFeed" name="test_notifications_feed_offer_icon" time="0.105" /><testcase classname="backend.tests.test_notifications_feed.TestNotificationsFeed" name="test_notifications_feed_limit_param" time="0.130" /><testcase classname="backend.tests.test_notifications_feed.TestNotificationsFeed" name="test_notifications_feed_sorted_by_date_desc" time="0.156" /><testcase classname="backend.tests.test_notifications_feed.TestNotificationsFeed" name="test_notifications_feed_no_mongodb_id" time="0.156" /><testcase classname="backend.tests.test_notifications_feed.TestNotificationsFeed" name="test_notifications_feed_all_types_present" time="0.109" /></testsuite></testsuites>