<?xml version="1.0" encoding="utf-8"?><testsuites name="pytest tests"><testsuite name="pytest" errors="0" failures="1" skipped="0" tests="17" time="4.685" timestamp="2026-04-12T12:54:33.167481+00:00" hostname="agent-env-a3aa959b-8d18-4f68-867b-1b99da477d30"><testcase classname="tests.test_new_features.TestIsOpenField" name="test_locations_have_is_open_field" time="0.287" /><testcase classname="tests.test_new_features.TestIsOpenField" name="test_single_location_has_is_open" time="0.234" /><testcase classname="tests.test_new_features.TestDistanceSorting" name="test_distance_sorting_with_coords" time="0.137" /><testcase classname="tests.test_new_features.TestDistanceSorting" name="test_distance_without_sort_param" time="0.121"><failure message="AssertionError: Distance field should be present when coords provided&#10;assert 'distance' in {'address': 'Husein-kapetana Gradaščevića bb', 'avg_rating': 5.0, 'category': 'restaurant', 'created_at': '2026-04-12T10:22:03.155000', ...}">tests/test_new_features.py:141: in test_distance_without_sort_param
    assert "distance" in loc, "Distance field should be present when coords provided"
E   AssertionError: Distance field should be present when coords provided
E   assert 'distance' in {'address': 'Husein-kapetana Gradaščevića bb', 'avg_rating': 5.0, 'category': 'restaurant', 'created_at': '2026-04-12T10:22:03.155000', ...}</failure></testcase><testcase classname="tests.test_new_features.TestOffers" name="test_get_all_offers" time="0.096" /><testcase classname="tests.test_new_features.TestOffers" name="test_get_location_offers" time="0.280" /><testcase classname="tests.test_new_features.TestEvents" name="test_get_events" time="0.140" /><testcase classname="tests.test_new_features.TestAnalytics" name="test_track_nav_clicks" time="0.288" /><testcase classname="tests.test_new_features.TestAnalytics" name="test_track_call_clicks" time="0.200" /><testcase classname="tests.test_new_features.TestAnalytics" name="test_track_invalid_action" time="0.225" /><testcase classname="tests.test_new_features.TestBusinessAccounts" name="test_create_business_account_without_auth" time="0.101" /><testcase classname="tests.test_new_features.TestBusinessAccounts" name="test_create_business_account_with_auth" time="0.812" /><testcase classname="tests.test_new_features.TestBusinessOffers" name="test_create_business_offer_without_auth" time="0.117" /><testcase classname="tests.test_new_features.TestBusinessOffers" name="test_create_business_offer_with_admin_auth" time="0.601" /><testcase classname="tests.test_new_features.TestBusinessMenu" name="test_create_menu_item_without_auth" time="0.119" /><testcase classname="tests.test_new_features.TestBusinessMenu" name="test_create_menu_item_with_admin_auth" time="0.554" /><testcase classname="tests.test_new_features.TestBusinessMenu" name="test_get_location_menu" time="0.219" /></testsuite></testsuites>