<?xml version="1.0" encoding="utf-8"?><testsuites name="pytest tests"><testsuite name="pytest" errors="0" failures="0" skipped="0" tests="9" time="5.781" timestamp="2026-04-12T17:13:47.717446+00:00" hostname="agent-env-a3aa959b-8d18-4f68-867b-1b99da477d30"><testcase classname="tests.test_admin_offers_crud.TestOffersAuth" name="test_create_offer_without_auth_fails" time="0.439" /><testcase classname="tests.test_admin_offers_crud.TestOffersAuth" name="test_delete_offer_without_auth_fails" time="0.132" /><testcase classname="tests.test_admin_offers_crud.TestOffersCRUD" name="test_create_offer_and_verify_persistence" time="0.924" /><testcase classname="tests.test_admin_offers_crud.TestOffersCRUD" name="test_delete_offer_removes_from_list" time="0.895" /><testcase classname="tests.test_admin_offers_crud.TestOffersCRUD" name="test_get_offers_active_only_filter" time="0.984" /><testcase classname="tests.test_admin_offers_crud.TestOffersCRUD" name="test_offer_structure_validation" time="0.701" /><testcase classname="tests.test_admin_offers_crud.TestOffersCRUD" name="test_create_offer_without_discount_optional" time="0.681" /><testcase classname="tests.test_admin_offers_crud.TestOffersPublicEndpoint" name="test_get_offers_public_access" time="0.107" /><testcase classname="tests.test_admin_offers_crud.TestOffersPublicEndpoint" name="test_offers_enriched_with_location_data" time="0.832" /></testsuite></testsuites>