<?xml version="1.0" encoding="utf-8"?><testsuites name="pytest tests"><testsuite name="pytest" errors="0" failures="0" skipped="0" tests="20" time="5.260" timestamp="2026-04-23T12:54:09.143141+00:00" hostname="agent-env-dec627c8-9b38-4bfe-8e3a-c057be58196f"><testcase classname="backend.tests.test_targeted_push_notifications.TestPushStats" name="test_push_stats_basic_fields" time="1.202" /><testcase classname="backend.tests.test_targeted_push_notifications.TestPushStats" name="test_push_stats_category_news" time="0.112" /><testcase classname="backend.tests.test_targeted_push_notifications.TestPushStats" name="test_push_stats_category_events" time="0.164" /><testcase classname="backend.tests.test_targeted_push_notifications.TestPushStats" name="test_push_stats_category_offers" time="0.117" /><testcase classname="backend.tests.test_targeted_push_notifications.TestPushStats" name="test_push_stats_requires_auth" time="0.120" /><testcase classname="backend.tests.test_targeted_push_notifications.TestPushPreferences" name="test_update_preferences_all_fields" time="0.326" /><testcase classname="backend.tests.test_targeted_push_notifications.TestPushPreferences" name="test_update_preferences_disable" time="0.336" /><testcase classname="backend.tests.test_targeted_push_notifications.TestPushPreferences" name="test_update_preferences_empty_categories" time="0.349" /><testcase classname="backend.tests.test_targeted_push_notifications.TestPushPreferences" name="test_update_preferences_requires_token" time="0.111" /><testcase classname="backend.tests.test_targeted_push_notifications.TestAdminNotificationsTargeted" name="test_send_notification_to_all" time="0.250" /><testcase classname="backend.tests.test_targeted_push_notifications.TestAdminNotificationsTargeted" name="test_send_notification_with_target_category_news" time="0.148" /><testcase classname="backend.tests.test_targeted_push_notifications.TestAdminNotificationsTargeted" name="test_send_notification_with_target_category_events" time="0.147" /><testcase classname="backend.tests.test_targeted_push_notifications.TestAdminNotificationsTargeted" name="test_send_notification_with_target_category_offers" time="0.151" /><testcase classname="backend.tests.test_targeted_push_notifications.TestAdminNotificationsTargeted" name="test_send_notification_smart_limit_true" time="0.147" /><testcase classname="backend.tests.test_targeted_push_notifications.TestAdminNotificationsTargeted" name="test_send_notification_smart_limit_false" time="0.150" /><testcase classname="backend.tests.test_targeted_push_notifications.TestAdminNotificationsTargeted" name="test_send_notification_response_has_quiet_hours_field" time="0.227" /><testcase classname="backend.tests.test_targeted_push_notifications.TestAdminNotificationsTargeted" name="test_send_notification_targeted_fewer_devices_than_all" time="0.226" /><testcase classname="backend.tests.test_targeted_push_notifications.TestAdminNotificationsTargeted" name="test_send_notification_history_has_target_category" time="0.242" /><testcase classname="backend.tests.test_targeted_push_notifications.TestAdminNotificationsTargeted" name="test_send_notification_empty_title_rejected" time="0.111" /><testcase classname="backend.tests.test_targeted_push_notifications.TestAdminNotificationsTargeted" name="test_send_notification_without_auth" time="0.518" /></testsuite></testsuites>