<?xml version="1.0" encoding="utf-8"?><testsuites name="pytest tests"><testsuite name="pytest" errors="0" failures="0" skipped="0" tests="9" time="3.230" timestamp="2026-04-12T17:00:36.824916+00:00" hostname="agent-env-a3aa959b-8d18-4f68-867b-1b99da477d30"><testcase classname="tests.test_admin_events_crud.TestAdminEventsAuth" name="test_create_event_without_auth_fails" time="0.298" /><testcase classname="tests.test_admin_events_crud.TestAdminEventsAuth" name="test_delete_event_without_auth_fails" time="0.141" /><testcase classname="tests.test_admin_events_crud.TestAdminEventsCRUD" name="test_create_event_and_verify_persistence" time="0.522" /><testcase classname="tests.test_admin_events_crud.TestAdminEventsCRUD" name="test_delete_event_removes_from_list" time="0.591" /><testcase classname="tests.test_admin_events_crud.TestAdminEventsCRUD" name="test_get_events_returns_only_upcoming" time="0.397" /><testcase classname="tests.test_admin_events_crud.TestAdminEventsCRUD" name="test_event_structure_validation" time="0.476" /><testcase classname="tests.test_admin_events_crud.TestAdminEventsCRUD" name="test_create_event_without_time_optional" time="0.454" /><testcase classname="tests.test_admin_events_crud.TestEventsPublicEndpoint" name="test_get_events_public_access" time="0.104" /><testcase classname="tests.test_admin_events_crud.TestEventsPublicEndpoint" name="test_events_sorted_by_date" time="0.151" /></testsuite></testsuites>