<?xml version="1.0" encoding="utf-8"?><testsuites name="pytest tests"><testsuite name="pytest" errors="0" failures="0" skipped="0" tests="20" time="4.714" timestamp="2026-04-24T05:45:26.674593+00:00" hostname="agent-env-dec627c8-9b38-4bfe-8e3a-c057be58196f"><testcase classname="backend.tests.test_reservations.TestReservationsLocations" name="test_get_locations_returns_200" time="0.354" /><testcase classname="backend.tests.test_reservations.TestReservationsLocations" name="test_get_locations_returns_list" time="0.175" /><testcase classname="backend.tests.test_reservations.TestReservationsLocations" name="test_locations_only_reservable_categories" time="0.130" /><testcase classname="backend.tests.test_reservations.TestReservationsLocations" name="test_locations_have_required_fields" time="0.180" /><testcase classname="backend.tests.test_reservations.TestReservationsLocations" name="test_prenociste_locations_present" time="0.168" /><testcase classname="backend.tests.test_reservations.TestReservationsLocations" name="test_restaurant_locations_present" time="0.176" /><testcase classname="backend.tests.test_reservations.TestCreateReservation" name="test_create_reservation_success" time="0.186" /><testcase classname="backend.tests.test_reservations.TestCreateReservation" name="test_create_reservation_returns_code" time="0.247" /><testcase classname="backend.tests.test_reservations.TestCreateReservation" name="test_create_reservation_invalid_location" time="0.100" /><testcase classname="backend.tests.test_reservations.TestCreateReservation" name="test_create_reservation_non_reservable_category" time="0.149" /><testcase classname="backend.tests.test_reservations.TestVerifyReservation" name="test_verify_with_correct_code" time="0.251" /><testcase classname="backend.tests.test_reservations.TestVerifyReservation" name="test_verify_with_wrong_code" time="0.222" /><testcase classname="backend.tests.test_reservations.TestVerifyReservation" name="test_verify_nonexistent_reservation" time="0.103" /><testcase classname="backend.tests.test_reservations.TestVerifyReservation" name="test_double_verify_rejected" time="0.288" /><testcase classname="backend.tests.test_reservations.TestMyReservations" name="test_get_my_reservations_by_phone" time="0.360" /><testcase classname="backend.tests.test_reservations.TestMyReservations" name="test_get_my_reservations_empty_phone_returns_error" time="0.148" /><testcase classname="backend.tests.test_reservations.TestMyReservations" name="test_pending_verification_not_shown" time="0.263" /><testcase classname="backend.tests.test_reservations.TestBusinessReservations" name="test_business_can_get_reservations" time="0.387" /><testcase classname="backend.tests.test_reservations.TestBusinessReservations" name="test_unauthenticated_business_reservations_rejected" time="0.107" /><testcase classname="backend.tests.test_reservations.TestBusinessReservations" name="test_business_can_confirm_reservation" time="0.522" /></testsuite></testsuites>