<?xml version="1.0" encoding="utf-8"?><testsuites name="pytest tests"><testsuite name="pytest" errors="0" failures="0" skipped="0" tests="14" time="2.532" timestamp="2026-04-12T11:37:14.470770+00:00" hostname="agent-env-a3aa959b-8d18-4f68-867b-1b99da477d30"><testcase classname="tests.test_admin_images_notifications.TestImageUpload" name="test_upload_image_without_auth" time="0.261" /><testcase classname="tests.test_admin_images_notifications.TestImageUpload" name="test_upload_image_with_auth" time="0.525" /><testcase classname="tests.test_admin_images_notifications.TestImageUpload" name="test_upload_image_invalid_location" time="0.097" /><testcase classname="tests.test_admin_images_notifications.TestImageUpload" name="test_delete_image_without_auth" time="0.100" /><testcase classname="tests.test_admin_images_notifications.TestImageUpload" name="test_delete_image_with_auth" time="0.320" /><testcase classname="tests.test_admin_images_notifications.TestImageUpload" name="test_delete_image_invalid_index" time="0.104" /><testcase classname="tests.test_admin_images_notifications.TestPushNotifications" name="test_get_push_stats_without_auth" time="0.101" /><testcase classname="tests.test_admin_images_notifications.TestPushNotifications" name="test_get_push_stats_with_auth" time="0.102" /><testcase classname="tests.test_admin_images_notifications.TestPushNotifications" name="test_get_notifications_without_auth" time="0.101" /><testcase classname="tests.test_admin_images_notifications.TestPushNotifications" name="test_get_notifications_with_auth" time="0.100" /><testcase classname="tests.test_admin_images_notifications.TestPushNotifications" name="test_send_notification_without_auth" time="0.103" /><testcase classname="tests.test_admin_images_notifications.TestPushNotifications" name="test_send_notification_with_auth" time="0.315" /><testcase classname="tests.test_admin_images_notifications.TestPushNotifications" name="test_send_notification_empty_title" time="0.123" /><testcase classname="tests.test_admin_images_notifications.TestPushNotifications" name="test_send_notification_empty_body" time="0.115" /></testsuite></testsuites>