<?xml version="1.0" encoding="utf-8"?><testsuites name="pytest tests"><testsuite name="pytest" errors="0" failures="0" skipped="0" tests="13" time="4.697" timestamp="2026-04-12T13:15:00.614240+00:00" hostname="agent-env-a3aa959b-8d18-4f68-867b-1b99da477d30"><testcase classname="tests.test_qr_nearby_features.TestNearbyOffers" name="test_nearby_offers_with_coords" time="0.275" /><testcase classname="tests.test_qr_nearby_features.TestNearbyOffers" name="test_nearby_offers_different_radius" time="0.292" /><testcase classname="tests.test_qr_nearby_features.TestNearbyOffers" name="test_nearby_offers_missing_params" time="0.271" /><testcase classname="tests.test_qr_nearby_features.TestQRData" name="test_get_qr_data_for_location" time="0.294" /><testcase classname="tests.test_qr_nearby_features.TestQRData" name="test_qr_data_invalid_location" time="0.143" /><testcase classname="tests.test_qr_nearby_features.TestCouponActivation" name="test_activate_coupon_success" time="0.346" /><testcase classname="tests.test_qr_nearby_features.TestCouponActivation" name="test_activate_coupon_missing_user_name" time="0.273" /><testcase classname="tests.test_qr_nearby_features.TestCouponActivation" name="test_activate_invalid_offer" time="0.131" /><testcase classname="tests.test_qr_nearby_features.TestActivationsList" name="test_get_activations_without_auth" time="0.281" /><testcase classname="tests.test_qr_nearby_features.TestActivationsList" name="test_get_activations_with_admin_auth" time="0.651" /><testcase classname="tests.test_qr_nearby_features.TestRedeemCoupon" name="test_redeem_coupon_without_auth" time="0.136" /><testcase classname="tests.test_qr_nearby_features.TestRedeemCoupon" name="test_redeem_coupon_with_admin_auth" time="1.002" /><testcase classname="tests.test_qr_nearby_features.TestRedeemCoupon" name="test_redeem_invalid_activation" time="0.483" /></testsuite></testsuites>