<?xml version="1.0" encoding="utf-8"?><testsuites name="pytest tests"><testsuite name="pytest" errors="0" failures="0" skipped="0" tests="11" time="5.103" timestamp="2026-04-12T10:49:29.925816+00:00" hostname="agent-env-a3aa959b-8d18-4f68-867b-1b99da477d30"><testcase classname="backend.tests.test_push_notifications.TestPushTokenRegistration" name="test_register_push_token" time="0.134" /><testcase classname="backend.tests.test_push_notifications.TestPushTokenRegistration" name="test_register_push_token_without_token" time="0.111" /><testcase classname="backend.tests.test_push_notifications.TestPushTokenRegistration" name="test_register_duplicate_token_updates" time="0.245" /><testcase classname="backend.tests.test_push_notifications.TestPushTokenRegistration" name="test_unregister_push_token" time="0.205" /><testcase classname="backend.tests.test_push_notifications.TestAdminPushStats" name="test_get_push_stats_with_auth" time="0.423" /><testcase classname="backend.tests.test_push_notifications.TestAdminPushStats" name="test_get_push_stats_without_auth" time="0.457" /><testcase classname="backend.tests.test_push_notifications.TestAdminNotifications" name="test_send_notification_with_auth" time="0.643" /><testcase classname="backend.tests.test_push_notifications.TestAdminNotifications" name="test_send_notification_without_auth" time="0.536" /><testcase classname="backend.tests.test_push_notifications.TestAdminNotifications" name="test_get_notification_history_with_auth" time="1.173" /><testcase classname="backend.tests.test_push_notifications.TestAdminNotifications" name="test_get_notification_history_without_auth" time="0.517" /><testcase classname="backend.tests.test_push_notifications.TestAdminNotifications" name="test_send_notification_with_empty_title" time="0.573" /></testsuite></testsuites>