<?xml version="1.0" encoding="utf-8"?><testsuites name="pytest tests"><testsuite name="pytest" errors="0" failures="0" skipped="0" tests="10" time="2.123" timestamp="2026-04-11T18:59:16.498570+00:00" hostname="agent-env-a3aa959b-8d18-4f68-867b-1b99da477d30"><testcase classname="tests.test_city_map_api.TestHealthCheck" name="test_api_root" time="0.280" /><testcase classname="tests.test_city_map_api.TestCategories" name="test_get_categories_returns_6" time="0.107" /><testcase classname="tests.test_city_map_api.TestLocations" name="test_get_all_locations_returns_16" time="0.163" /><testcase classname="tests.test_city_map_api.TestLocations" name="test_filter_by_category_restaurant" time="0.138" /><testcase classname="tests.test_city_map_api.TestLocations" name="test_filter_by_category_market" time="0.162" /><testcase classname="tests.test_city_map_api.TestSearch" name="test_search_bingo_returns_match" time="0.138" /><testcase classname="tests.test_city_map_api.TestSearch" name="test_search_case_insensitive" time="0.146" /><testcase classname="tests.test_city_map_api.TestSearch" name="test_search_by_address" time="0.112" /><testcase classname="tests.test_city_map_api.TestDataPersistence" name="test_create_and_get_location" time="0.449" /><testcase classname="tests.test_city_map_api.TestDataPersistence" name="test_delete_location" time="0.344" /></testsuite></testsuites>