<?xml version="1.0" encoding="utf-8"?><testsuites name="pytest tests"><testsuite name="pytest" errors="0" failures="0" skipped="0" tests="13" time="6.138" timestamp="2026-04-12T10:03:46.119036+00:00" hostname="agent-env-a3aa959b-8d18-4f68-867b-1b99da477d30"><testcase classname="tests.test_admin_auth.TestAdminAuth" name="test_login_with_correct_credentials" time="0.537" /><testcase classname="tests.test_admin_auth.TestAdminAuth" name="test_login_with_wrong_password" time="0.360" /><testcase classname="tests.test_admin_auth.TestAdminAuth" name="test_login_with_wrong_email" time="0.134" /><testcase classname="tests.test_admin_auth.TestAdminAuth" name="test_get_current_user_with_token" time="0.507" /><testcase classname="tests.test_admin_auth.TestAdminAuth" name="test_get_current_user_without_token" time="0.098" /><testcase classname="tests.test_admin_auth.TestAdminLocationCRUD" name="test_create_location_with_auth" time="0.742" /><testcase classname="tests.test_admin_auth.TestAdminLocationCRUD" name="test_create_location_without_auth" time="0.427" /><testcase classname="tests.test_admin_auth.TestAdminLocationCRUD" name="test_update_location_with_auth" time="0.747" /><testcase classname="tests.test_admin_auth.TestAdminLocationCRUD" name="test_update_location_without_auth" time="0.432" /><testcase classname="tests.test_admin_auth.TestAdminLocationCRUD" name="test_delete_location_with_auth" time="0.624" /><testcase classname="tests.test_admin_auth.TestAdminLocationCRUD" name="test_delete_location_without_auth" time="0.435" /><testcase classname="tests.test_admin_auth.TestAdminLocationCRUD" name="test_update_nonexistent_location" time="0.453" /><testcase classname="tests.test_admin_auth.TestAdminLocationCRUD" name="test_delete_nonexistent_location" time="0.436" /></testsuite></testsuites>