<?xml version="1.0" encoding="utf-8"?><testsuites name="pytest tests"><testsuite name="pytest" errors="0" failures="0" skipped="0" tests="11" time="1.797" timestamp="2026-04-12T16:01:35.978713+00:00" hostname="agent-env-a3aa959b-8d18-4f68-867b-1b99da477d30"><testcase classname="tests.test_tourism_leaderboard_loyalty.TestTourismAttractions" name="test_get_attractions_returns_list" time="0.131" /><testcase classname="tests.test_tourism_leaderboard_loyalty.TestTourismAttractions" name="test_attractions_count" time="0.121" /><testcase classname="tests.test_tourism_leaderboard_loyalty.TestTourismAttractions" name="test_attraction_structure" time="0.105" /><testcase classname="tests.test_tourism_leaderboard_loyalty.TestLeaderboard" name="test_get_leaderboard_returns_list" time="0.120" /><testcase classname="tests.test_tourism_leaderboard_loyalty.TestLeaderboard" name="test_leaderboard_structure" time="0.110" /><testcase classname="tests.test_tourism_leaderboard_loyalty.TestLeaderboard" name="test_leaderboard_sorted_by_rating" time="0.126" /><testcase classname="tests.test_tourism_leaderboard_loyalty.TestLeaderboard" name="test_leaderboard_limit_parameter" time="0.107" /><testcase classname="tests.test_tourism_leaderboard_loyalty.TestLoyaltyPoints" name="test_get_loyalty_new_user" time="0.117" /><testcase classname="tests.test_tourism_leaderboard_loyalty.TestLoyaltyPoints" name="test_loyalty_checkin_and_verify" time="0.347" /><testcase classname="tests.test_tourism_leaderboard_loyalty.TestLoyaltyPoints" name="test_loyalty_structure" time="0.110" /><testcase classname="tests.test_tourism_leaderboard_loyalty.TestIntegration" name="test_all_new_endpoints_accessible" time="0.331" /></testsuite></testsuites>