<?xml version="1.0" encoding="utf-8"?><testsuites name="pytest tests"><testsuite name="pytest" errors="0" failures="0" skipped="0" tests="5" time="1.057" timestamp="2026-04-12T18:03:34.892194+00:00" hostname="agent-env-a3aa959b-8d18-4f68-867b-1b99da477d30"><testcase classname="tests.test_nearby_offers_update.TestNearbyOffersAPI" name="test_nearby_offers_with_valid_coords" time="0.292" /><testcase classname="tests.test_nearby_offers_update.TestNearbyOffersAPI" name="test_nearby_offers_different_radius" time="0.167" /><testcase classname="tests.test_nearby_offers_update.TestNearbyOffersAPI" name="test_nearby_offers_sorted_by_distance" time="0.161" /><testcase classname="tests.test_nearby_offers_update.TestNearbyOffersAPI" name="test_nearby_offers_missing_params" time="0.256" /><testcase classname="tests.test_nearby_offers_update.TestNearbyOffersAPI" name="test_nearby_offers_default_radius" time="0.113" /></testsuite></testsuites>