<?xml version="1.0" encoding="utf-8"?><testsuites name="pytest tests"><testsuite name="pytest" errors="0" failures="0" skipped="0" tests="13" time="4.430" timestamp="2026-04-12T11:59:48.315697+00:00" hostname="agent-env-a3aa959b-8d18-4f68-867b-1b99da477d30"><testcase classname="backend.tests.test_categories.TestCategoriesPublic" name="test_get_categories" time="0.296" /><testcase classname="backend.tests.test_categories.TestCategoriesPublic" name="test_get_categories_has_defaults" time="0.149" /><testcase classname="backend.tests.test_categories.TestCategoriesAdmin" name="test_create_category_without_auth" time="0.137" /><testcase classname="backend.tests.test_categories.TestCategoriesAdmin" name="test_create_category_with_auth" time="0.450" /><testcase classname="backend.tests.test_categories.TestCategoriesAdmin" name="test_update_category_without_auth" time="0.148" /><testcase classname="backend.tests.test_categories.TestCategoriesAdmin" name="test_update_category_with_auth" time="0.474" /><testcase classname="backend.tests.test_categories.TestCategoriesAdmin" name="test_update_category_not_found" time="0.366" /><testcase classname="backend.tests.test_categories.TestCategoriesAdmin" name="test_delete_category_without_auth" time="0.158" /><testcase classname="backend.tests.test_categories.TestCategoriesAdmin" name="test_delete_category_with_auth" time="0.545" /><testcase classname="backend.tests.test_categories.TestCategoriesAdmin" name="test_delete_category_in_use" time="0.413" /><testcase classname="backend.tests.test_categories.TestCategoriesAdmin" name="test_delete_category_not_found" time="0.375" /><testcase classname="backend.tests.test_categories.TestCategoryDataValidation" name="test_create_category_with_defaults" time="0.376" /><testcase classname="backend.tests.test_categories.TestCategoryDataValidation" name="test_update_category_partial" time="0.450" /></testsuite></testsuites>