<?xml version="1.0" encoding="utf-8"?><testsuites name="pytest tests"><testsuite name="pytest" errors="0" failures="0" skipped="0" tests="28" time="4.665" timestamp="2026-04-22T19:23:57.086946+00:00" hostname="agent-env-dec627c8-9b38-4bfe-8e3a-c057be58196f"><testcase classname="backend.tests.test_emergency_news_features.TestEmergencyContactsPublic" name="test_get_emergency_contacts_returns_list" time="0.265" /><testcase classname="backend.tests.test_emergency_news_features.TestEmergencyContactsPublic" name="test_get_emergency_contacts_count_13" time="0.159" /><testcase classname="backend.tests.test_emergency_news_features.TestEmergencyContactsPublic" name="test_get_emergency_contacts_fields" time="0.192" /><testcase classname="backend.tests.test_emergency_news_features.TestEmergencyContactsPublic" name="test_emergency_contacts_has_112" time="0.139" /><testcase classname="backend.tests.test_emergency_news_features.TestEmergencyContactsPublic" name="test_emergency_contacts_grouped_by_section" time="0.166" /><testcase classname="backend.tests.test_emergency_news_features.TestEmergencyContactsAdminCRUD" name="test_create_contact_requires_auth" time="0.138" /><testcase classname="backend.tests.test_emergency_news_features.TestEmergencyContactsAdminCRUD" name="test_create_emergency_contact" time="0.487" /><testcase classname="backend.tests.test_emergency_news_features.TestEmergencyContactsAdminCRUD" name="test_created_contact_appears_in_list" time="0.109" /><testcase classname="backend.tests.test_emergency_news_features.TestEmergencyContactsAdminCRUD" name="test_update_emergency_contact" time="0.160" /><testcase classname="backend.tests.test_emergency_news_features.TestEmergencyContactsAdminCRUD" name="test_update_nonexistent_contact" time="0.149" /><testcase classname="backend.tests.test_emergency_news_features.TestEmergencyContactsAdminCRUD" name="test_delete_emergency_contact" time="0.111" /><testcase classname="backend.tests.test_emergency_news_features.TestEmergencyContactsAdminCRUD" name="test_deleted_contact_not_in_list" time="0.112" /><testcase classname="backend.tests.test_emergency_news_features.TestEmergencyContactsAdminCRUD" name="test_delete_nonexistent_contact" time="0.119" /><testcase classname="backend.tests.test_emergency_news_features.TestNewsPublic" name="test_get_news_returns_list" time="0.126" /><testcase classname="backend.tests.test_emergency_news_features.TestNewsPublic" name="test_get_news_count_4" time="0.119" /><testcase classname="backend.tests.test_emergency_news_features.TestNewsPublic" name="test_get_news_fields" time="0.099" /><testcase classname="backend.tests.test_emergency_news_features.TestNewsPublic" name="test_get_news_published_only" time="0.113" /><testcase classname="backend.tests.test_emergency_news_features.TestNewsPublic" name="test_get_news_all_with_param" time="0.108" /><testcase classname="backend.tests.test_emergency_news_features.TestNewsPublic" name="test_get_news_categories" time="0.109" /><testcase classname="backend.tests.test_emergency_news_features.TestNewsAdminCRUD" name="test_create_news_requires_auth" time="0.110" /><testcase classname="backend.tests.test_emergency_news_features.TestNewsAdminCRUD" name="test_create_news_article" time="0.112" /><testcase classname="backend.tests.test_emergency_news_features.TestNewsAdminCRUD" name="test_created_article_appears_in_list" time="0.111" /><testcase classname="backend.tests.test_emergency_news_features.TestNewsAdminCRUD" name="test_update_news_article" time="0.113" /><testcase classname="backend.tests.test_emergency_news_features.TestNewsAdminCRUD" name="test_update_nonexistent_article" time="0.117" /><testcase classname="backend.tests.test_emergency_news_features.TestNewsAdminCRUD" name="test_delete_news_article" time="0.118" /><testcase classname="backend.tests.test_emergency_news_features.TestNewsAdminCRUD" name="test_deleted_article_not_in_list" time="0.117" /><testcase classname="backend.tests.test_emergency_news_features.TestNewsAdminCRUD" name="test_delete_nonexistent_article" time="0.111" /><testcase classname="backend.tests.test_emergency_news_features.TestNewsAdminCRUD" name="test_create_news_unpublished" time="0.519" /></testsuite></testsuites>