<?xml version="1.0" encoding="utf-8"?><testsuites name="pytest tests"><testsuite name="pytest" errors="0" failures="0" skipped="0" tests="15" time="7.962" timestamp="2026-04-24T05:59:43.844252+00:00" hostname="agent-env-dec627c8-9b38-4bfe-8e3a-c057be58196f"><testcase classname="backend.tests.test_email_sms_verification.TestReservationFallbackMode" name="test_create_reservation_returns_200" time="0.426" /><testcase classname="backend.tests.test_email_sms_verification.TestReservationFallbackMode" name="test_create_reservation_returns_reservation_id" time="0.226" /><testcase classname="backend.tests.test_email_sms_verification.TestReservationFallbackMode" name="test_create_reservation_fallback_show_code_true" time="0.237" /><testcase classname="backend.tests.test_email_sms_verification.TestReservationFallbackMode" name="test_create_reservation_fallback_returns_verification_code" time="0.232" /><testcase classname="backend.tests.test_email_sms_verification.TestReservationFallbackMode" name="test_create_reservation_fallback_sent_via_is_null" time="0.171" /><testcase classname="backend.tests.test_email_sms_verification.TestReservationFallbackMode" name="test_create_reservation_response_has_message" time="0.191" /><testcase classname="backend.tests.test_email_sms_verification.TestReservationFallbackMode" name="test_verification_code_can_be_used_to_verify" time="0.290" /><testcase classname="backend.tests.test_email_sms_verification.TestSiteSettingsIntegrations" name="test_get_site_settings_admin_200" time="0.847" /><testcase classname="backend.tests.test_email_sms_verification.TestSiteSettingsIntegrations" name="test_get_site_settings_returns_dict" time="0.753" /><testcase classname="backend.tests.test_email_sms_verification.TestSiteSettingsIntegrations" name="test_get_site_settings_unauthorized" time="0.503" /><testcase classname="backend.tests.test_email_sms_verification.TestSiteSettingsIntegrations" name="test_save_resend_api_key" time="0.793" /><testcase classname="backend.tests.test_email_sms_verification.TestSiteSettingsIntegrations" name="test_resend_key_persisted_in_db" time="0.817" /><testcase classname="backend.tests.test_email_sms_verification.TestSiteSettingsIntegrations" name="test_save_twilio_keys" time="0.763" /><testcase classname="backend.tests.test_email_sms_verification.TestSiteSettingsIntegrations" name="test_twilio_keys_persisted_in_db" time="0.807" /><testcase classname="backend.tests.test_email_sms_verification.TestSiteSettingsIntegrations" name="test_site_settings_put_returns_ok" time="0.742" /></testsuite></testsuites>