<?xml version="1.0" encoding="utf-8"?><testsuites name="pytest tests"><testsuite name="pytest" errors="0" failures="0" skipped="0" tests="11" time="6.550" timestamp="2026-04-12T10:29:59.398486+00:00" hostname="agent-env-a3aa959b-8d18-4f68-867b-1b99da477d30"><testcase classname="tests.test_reviews_extended.TestExtendedLocationFields" name="test_locations_have_extended_fields" time="0.303" /><testcase classname="tests.test_reviews_extended.TestExtendedLocationFields" name="test_location_detail_has_extended_fields" time="0.276" /><testcase classname="tests.test_reviews_extended.TestReviewsPublic" name="test_create_review_no_auth" time="0.295" /><testcase classname="tests.test_reviews_extended.TestReviewsPublic" name="test_get_reviews_for_location" time="0.203" /><testcase classname="tests.test_reviews_extended.TestReviewsPublic" name="test_create_review_without_comment" time="0.278" /><testcase classname="tests.test_reviews_extended.TestReviewsPublic" name="test_create_review_invalid_stars" time="0.348" /><testcase classname="tests.test_reviews_extended.TestRatingAggregation" name="test_review_updates_location_rating" time="0.937" /><testcase classname="tests.test_reviews_extended.TestAdminDeleteReview" name="test_admin_delete_review_with_auth" time="0.750" /><testcase classname="tests.test_reviews_extended.TestAdminDeleteReview" name="test_admin_delete_review_without_auth" time="0.101" /><testcase classname="tests.test_reviews_extended.TestAdminDeleteReview" name="test_admin_delete_nonexistent_review" time="0.421" /><testcase classname="tests.test_reviews_extended.TestAdminDeleteReview" name="test_admin_delete_review_updates_rating" time="2.504" /></testsuite></testsuites>