<?xml version="1.0" encoding="utf-8"?><testsuites name="pytest tests"><testsuite name="pytest" errors="0" failures="0" skipped="0" tests="6" time="2.158" timestamp="2026-04-12T11:19:12.238709+00:00" hostname="agent-env-a3aa959b-8d18-4f68-867b-1b99da477d30"><testcase classname="tests.test_admin_settings.TestAdminSettings" name="test_get_settings_public" time="0.289" /><testcase classname="tests.test_admin_settings.TestAdminSettings" name="test_update_settings_without_auth" time="0.138" /><testcase classname="tests.test_admin_settings.TestAdminSettings" name="test_update_settings_with_admin_auth" time="0.583" /><testcase classname="tests.test_admin_settings.TestAdminSettings" name="test_update_settings_partial" time="0.423" /><testcase classname="tests.test_admin_settings.TestAdminSettings" name="test_update_settings_empty_data" time="0.529" /><testcase classname="tests.test_admin_settings.TestAdminSettings" name="test_settings_default_values" time="0.130" /></testsuite></testsuites>