<?xml version="1.0" encoding="utf-8"?><testsuites name="pytest tests"><testsuite name="pytest" errors="0" failures="0" skipped="0" tests="10" time="2.088" timestamp="2026-04-23T22:16:04.511076+00:00" hostname="agent-env-dec627c8-9b38-4bfe-8e3a-c057be58196f"><testcase classname="backend.tests.test_contact_and_fixes.TestContactFormAPI" name="test_contact_submit_success" time="0.650" /><testcase classname="backend.tests.test_contact_and_fixes.TestContactFormAPI" name="test_contact_submit_without_subject" time="0.121" /><testcase classname="backend.tests.test_contact_and_fixes.TestContactFormAPI" name="test_contact_submit_missing_required_fields" time="0.161" /><testcase classname="backend.tests.test_contact_and_fixes.TestContactFormAPI" name="test_contact_submit_empty_name" time="0.184" /><testcase classname="backend.tests.test_contact_and_fixes.TestAdminContactMessages" name="test_list_contact_messages_requires_auth" time="0.146" /><testcase classname="backend.tests.test_contact_and_fixes.TestAdminContactMessages" name="test_list_contact_messages_as_admin" time="0.071" /><testcase classname="backend.tests.test_contact_and_fixes.TestAdminContactMessages" name="test_contact_messages_have_correct_fields" time="0.237" /><testcase classname="backend.tests.test_contact_and_fixes.TestAdminContactMessages" name="test_mark_message_as_read" time="0.063" /><testcase classname="backend.tests.test_contact_and_fixes.TestAdminContactMessages" name="test_delete_contact_message" time="0.059" /><testcase classname="backend.tests.test_contact_and_fixes.TestAdminContactMessages" name="test_deleted_message_is_gone" time="0.240" /></testsuite></testsuites>